Determining if the pthread_create exist failed with the following output:
Change Dir: /home/michael/Documents/EPFL/Projects/iCub-grasping-SCA/gazebo/plugins/colorChange_world/build/CMakeFiles/CMakeTmp

Run Build Command:"/usr/bin/make" "cmTC_11d94/fast"
/usr/bin/make -f CMakeFiles/cmTC_11d94.dir/build.make CMakeFiles/cmTC_11d94.dir/build
make[1]: Entering directory '/home/michael/Documents/EPFL/Projects/iCub-grasping-SCA/gazebo/plugins/colorChange_world/build/CMakeFiles/CMakeTmp'
Building C object CMakeFiles/cmTC_11d94.dir/CheckSymbolExists.c.o
/usr/bin/gcc-8    -o CMakeFiles/cmTC_11d94.dir/CheckSymbolExists.c.o   -c /home/michael/Documents/EPFL/Projects/iCub-grasping-SCA/gazebo/plugins/colorChange_world/build/CMakeFiles/CMakeTmp/CheckSymbolExists.c
Linking C executable cmTC_11d94
/usr/bin/cmake -E cmake_link_script CMakeFiles/cmTC_11d94.dir/link.txt --verbose=1
/usr/bin/gcc-8      CMakeFiles/cmTC_11d94.dir/CheckSymbolExists.c.o  -o cmTC_11d94 
CMakeFiles/cmTC_11d94.dir/CheckSymbolExists.c.o: In function `main':
CheckSymbolExists.c:(.text+0x1b): undefined reference to `pthread_create'
collect2: error: ld returned 1 exit status
CMakeFiles/cmTC_11d94.dir/build.make:97: recipe for target 'cmTC_11d94' failed
make[1]: *** [cmTC_11d94] Error 1
make[1]: Leaving directory '/home/michael/Documents/EPFL/Projects/iCub-grasping-SCA/gazebo/plugins/colorChange_world/build/CMakeFiles/CMakeTmp'
Makefile:126: recipe for target 'cmTC_11d94/fast' failed
make: *** [cmTC_11d94/fast] Error 2

File /home/michael/Documents/EPFL/Projects/iCub-grasping-SCA/gazebo/plugins/colorChange_world/build/CMakeFiles/CMakeTmp/CheckSymbolExists.c:
/* */
#include <pthread.h>

int main(int argc, char** argv)
{
  (void)argv;
#ifndef pthread_create
  return ((int*)(&pthread_create))[argc];
#else
  (void)argc;
  return 0;
#endif
}

Determining if the function pthread_create exists in the pthreads failed with the following output:
Change Dir: /home/michael/Documents/EPFL/Projects/iCub-grasping-SCA/gazebo/plugins/colorChange_world/build/CMakeFiles/CMakeTmp

Run Build Command:"/usr/bin/make" "cmTC_c1ebf/fast"
/usr/bin/make -f CMakeFiles/cmTC_c1ebf.dir/build.make CMakeFiles/cmTC_c1ebf.dir/build
make[1]: Entering directory '/home/michael/Documents/EPFL/Projects/iCub-grasping-SCA/gazebo/plugins/colorChange_world/build/CMakeFiles/CMakeTmp'
Building C object CMakeFiles/cmTC_c1ebf.dir/CheckFunctionExists.c.o
/usr/bin/gcc-8   -DCHECK_FUNCTION_EXISTS=pthread_create   -o CMakeFiles/cmTC_c1ebf.dir/CheckFunctionExists.c.o   -c /usr/share/cmake-3.10/Modules/CheckFunctionExists.c
Linking C executable cmTC_c1ebf
/usr/bin/cmake -E cmake_link_script CMakeFiles/cmTC_c1ebf.dir/link.txt --verbose=1
/usr/bin/gcc-8  -DCHECK_FUNCTION_EXISTS=pthread_create    CMakeFiles/cmTC_c1ebf.dir/CheckFunctionExists.c.o  -o cmTC_c1ebf -lpthreads 
/usr/bin/ld: cannot find -lpthreads
collect2: error: ld returned 1 exit status
CMakeFiles/cmTC_c1ebf.dir/build.make:97: recipe for target 'cmTC_c1ebf' failed
make[1]: *** [cmTC_c1ebf] Error 1
make[1]: Leaving directory '/home/michael/Documents/EPFL/Projects/iCub-grasping-SCA/gazebo/plugins/colorChange_world/build/CMakeFiles/CMakeTmp'
Makefile:126: recipe for target 'cmTC_c1ebf/fast' failed
make: *** [cmTC_c1ebf/fast] Error 2


