Determining if the pthread_create exist failed with the following output:
Change Dir: /home/michael/Documents/EPFL/Projects/iCub-grasping-SCA/icubsim/build/CMakeFiles/CMakeTmp

Run Build Command:"/usr/bin/make" "cmTC_10b3b/fast"
/usr/bin/make -f CMakeFiles/cmTC_10b3b.dir/build.make CMakeFiles/cmTC_10b3b.dir/build
make[1]: Entering directory '/home/michael/Documents/EPFL/Projects/iCub-grasping-SCA/icubsim/build/CMakeFiles/CMakeTmp'
Building C object CMakeFiles/cmTC_10b3b.dir/CheckSymbolExists.c.o
/usr/bin/gcc-8    -o CMakeFiles/cmTC_10b3b.dir/CheckSymbolExists.c.o   -c /home/michael/Documents/EPFL/Projects/iCub-grasping-SCA/icubsim/build/CMakeFiles/CMakeTmp/CheckSymbolExists.c
Linking C executable cmTC_10b3b
/usr/bin/cmake -E cmake_link_script CMakeFiles/cmTC_10b3b.dir/link.txt --verbose=1
/usr/bin/gcc-8      CMakeFiles/cmTC_10b3b.dir/CheckSymbolExists.c.o  -o cmTC_10b3b 
CMakeFiles/cmTC_10b3b.dir/CheckSymbolExists.c.o: In function `main':
CheckSymbolExists.c:(.text+0x1b): undefined reference to `pthread_create'
collect2: error: ld returned 1 exit status
CMakeFiles/cmTC_10b3b.dir/build.make:97: recipe for target 'cmTC_10b3b' failed
make[1]: *** [cmTC_10b3b] Error 1
make[1]: Leaving directory '/home/michael/Documents/EPFL/Projects/iCub-grasping-SCA/icubsim/build/CMakeFiles/CMakeTmp'
Makefile:126: recipe for target 'cmTC_10b3b/fast' failed
make: *** [cmTC_10b3b/fast] Error 2

File /home/michael/Documents/EPFL/Projects/iCub-grasping-SCA/icubsim/build/CMakeFiles/CMakeTmp/CheckSymbolExists.c:
/* */
#include <pthread.h>

int main(int argc, char** argv)
{
  (void)argv;
#ifndef pthread_create
  return ((int*)(&pthread_create))[argc];
#else
  (void)argc;
  return 0;
#endif
}

Determining if the function pthread_create exists in the pthreads failed with the following output:
Change Dir: /home/michael/Documents/EPFL/Projects/iCub-grasping-SCA/icubsim/build/CMakeFiles/CMakeTmp

Run Build Command:"/usr/bin/make" "cmTC_fce8a/fast"
/usr/bin/make -f CMakeFiles/cmTC_fce8a.dir/build.make CMakeFiles/cmTC_fce8a.dir/build
make[1]: Entering directory '/home/michael/Documents/EPFL/Projects/iCub-grasping-SCA/icubsim/build/CMakeFiles/CMakeTmp'
Building C object CMakeFiles/cmTC_fce8a.dir/CheckFunctionExists.c.o
/usr/bin/gcc-8   -DCHECK_FUNCTION_EXISTS=pthread_create   -o CMakeFiles/cmTC_fce8a.dir/CheckFunctionExists.c.o   -c /usr/share/cmake-3.10/Modules/CheckFunctionExists.c
Linking C executable cmTC_fce8a
/usr/bin/cmake -E cmake_link_script CMakeFiles/cmTC_fce8a.dir/link.txt --verbose=1
/usr/bin/gcc-8  -DCHECK_FUNCTION_EXISTS=pthread_create    CMakeFiles/cmTC_fce8a.dir/CheckFunctionExists.c.o  -o cmTC_fce8a -lpthreads 
/usr/bin/ld: cannot find -lpthreads
collect2: error: ld returned 1 exit status
CMakeFiles/cmTC_fce8a.dir/build.make:97: recipe for target 'cmTC_fce8a' failed
make[1]: *** [cmTC_fce8a] Error 1
make[1]: Leaving directory '/home/michael/Documents/EPFL/Projects/iCub-grasping-SCA/icubsim/build/CMakeFiles/CMakeTmp'
Makefile:126: recipe for target 'cmTC_fce8a/fast' failed
make: *** [cmTC_fce8a/fast] Error 2


