Determining if the pthread_create exist failed with the following output:
Change Dir: /home/michael/Documents/EPFL/Projects/iCub-grasping-SCA/build/CMakeFiles/CMakeTmp

Run Build Command:"/home/michael/anaconda3/bin/ninja" "cmTC_60c04"
[1/2] Building C object CMakeFiles/cmTC_60c04.dir/CheckSymbolExists.c.o
[2/2] Linking C executable cmTC_60c04
FAILED: cmTC_60c04 
: && /usr/bin/gcc-8    CMakeFiles/cmTC_60c04.dir/CheckSymbolExists.c.o  -o cmTC_60c04   && :
CMakeFiles/cmTC_60c04.dir/CheckSymbolExists.c.o: In function `main':
CheckSymbolExists.c:(.text+0x1b): undefined reference to `pthread_create'
collect2: error: ld returned 1 exit status
ninja: build stopped: subcommand failed.

File /home/michael/Documents/EPFL/Projects/iCub-grasping-SCA/build/CMakeFiles/CMakeTmp/CheckSymbolExists.c:
/* */
#include <pthread.h>

int main(int argc, char** argv)
{
  (void)argv;
#ifndef pthread_create
  return ((int*)(&pthread_create))[argc];
#else
  (void)argc;
  return 0;
#endif
}

Determining if the function pthread_create exists in the pthreads failed with the following output:
Change Dir: /home/michael/Documents/EPFL/Projects/iCub-grasping-SCA/build/CMakeFiles/CMakeTmp

Run Build Command:"/home/michael/anaconda3/bin/ninja" "cmTC_7da7f"
[1/2] Building C object CMakeFiles/cmTC_7da7f.dir/CheckFunctionExists.c.o
[2/2] Linking C executable cmTC_7da7f
FAILED: cmTC_7da7f 
: && /usr/bin/gcc-8 -DCHECK_FUNCTION_EXISTS=pthread_create   CMakeFiles/cmTC_7da7f.dir/CheckFunctionExists.c.o  -o cmTC_7da7f  -lpthreads && :
/usr/bin/ld: cannot find -lpthreads
collect2: error: ld returned 1 exit status
ninja: build stopped: subcommand failed.


